\BOOKMARK [1][-]{section.1}{Introducción}{}% 1
\BOOKMARK [1][-]{section.2}{Aritmetica}{}% 2
\BOOKMARK [2][-]{subsection.2.1}{Signos\040de\040Operaciones}{section.2}% 3
\BOOKMARK [2][-]{subsection.2.2}{simplificando\040y\040expandiendo\040expreciones\040racionales}{section.2}% 4
\BOOKMARK [1][-]{section.3}{Funciones,Variables\040y\040ecuaciones}{}% 5
\BOOKMARK [2][-]{subsection.3.1}{Variables}{section.3}% 6
\BOOKMARK [2][-]{subsection.3.2}{Funciones}{section.3}% 7
\BOOKMARK [2][-]{subsection.3.3}{Ecuaciones}{section.3}% 8
\BOOKMARK [3][-]{subsubsection.3.3.1}{Solucion\040de\040ecuaciones}{subsection.3.3}% 9
\BOOKMARK [1][-]{section.4}{Graficando\040en\040Maxima}{}% 10
\BOOKMARK [1][-]{section.5}{Derivadas}{}% 11
\BOOKMARK [2][-]{subsection.5.1}{introducción}{section.5}% 12
\BOOKMARK [2][-]{subsection.5.2}{Utlizando\040la\040salidad\040en\040un\040nueva\040funcion}{section.5}% 13
\BOOKMARK [2][-]{subsection.5.3}{Graficando\040Derivadas}{section.5}% 14
\BOOKMARK [2][-]{subsection.5.4}{Obteniendo\040Valores\040Numericos}{section.5}% 15
\BOOKMARK [1][-]{section.6}{Integración}{}% 16
\BOOKMARK [2][-]{subsection.6.1}{Integracion\040Basica}{section.6}% 17
\BOOKMARK [3][-]{subsubsection.6.1.1}{Integrales\040Indefinidas}{subsection.6.1}% 18
\BOOKMARK [3][-]{subsubsection.6.1.2}{La\040Antiderivada}{subsection.6.1}% 19
\BOOKMARK [2][-]{subsection.6.2}{Integrales\040Definidas}{section.6}% 20
\BOOKMARK [2][-]{subsection.6.3}{Integracion\040Numerica}{section.6}% 21
\BOOKMARK [1][-]{section.7}{Conclusion}{}% 22
\BOOKMARK [1][-]{section.8}{Apéndice}{}% 23
\BOOKMARK [1][-]{section.9}{Bibliografia}{}% 24
